<?xml version="1.0" encoding="UTF-8"?><testrun name="runner" project="cucumber" tests="2" started="2" failures="0" errors="1" ignored="0">
  <testsuite name="com.epam.bdd.StepDef.runner" time="47.553">
    <testsuite name="checking Add to cart feature on www.ebay.com" time="47.553">
      <testcase name="Validate if the guest user is able to add a product to cart." classname="checking Add to cart feature on www.ebay.com" time="21.714"/>
      <testcase name="Validate if a registered user is able to place an order" classname="checking Add to cart feature on www.ebay.com" time="25.839">
        <error>org.openqa.selenium.ElementNotInteractableException: element not interactable
  (Session info: chrome=95.0.4638.69)
Build info: version: '3.14.0', revision: 'aacccce0', time: '2018-08-02T20:19:58.91Z'
System info: host: 'EPINPUNW014F', ip: '192.168.1.31', os.name: 'Windows 10', os.arch: 'amd64', os.version: '10.0', java.version: '17'
Driver info: org.openqa.selenium.chrome.ChromeDriver
Capabilities {acceptInsecureCerts: false, browserName: chrome, browserVersion: 95.0.4638.69, chrome: {chromedriverVersion: 95.0.4638.69 (6a1600ed572fe..., userDataDir: C:\Users\DHAIRY~1\AppData\L...}, goog:chromeOptions: {debuggerAddress: localhost:63336}, javascriptEnabled: true, networkConnectionEnabled: false, pageLoadStrategy: normal, platform: WINDOWS, platformName: WINDOWS, proxy: Proxy(), setWindowRect: true, strictFileInteractability: false, timeouts: {implicit: 0, pageLoad: 300000, script: 30000}, unhandledPromptBehavior: dismiss and notify, webauthn:extension:credBlob: true, webauthn:extension:largeBlob: true, webauthn:virtualAuthenticators: true}
Session ID: 4a8f249236c044d153a4017bfde865b4&#13;
	at java.base/jdk.internal.reflect.NativeConstructorAccessorImpl.newInstance0(Native Method)&#13;
	at java.base/jdk.internal.reflect.NativeConstructorAccessorImpl.newInstance(NativeConstructorAccessorImpl.java:77)&#13;
	at java.base/jdk.internal.reflect.DelegatingConstructorAccessorImpl.newInstance(DelegatingConstructorAccessorImpl.java:45)&#13;
	at java.base/java.lang.reflect.Constructor.newInstanceWithCaller(Constructor.java:499)&#13;
	at java.base/java.lang.reflect.Constructor.newInstance(Constructor.java:480)&#13;
	at org.openqa.selenium.remote.http.W3CHttpResponseCodec.createException(W3CHttpResponseCodec.java:187)&#13;
	at org.openqa.selenium.remote.http.W3CHttpResponseCodec.decode(W3CHttpResponseCodec.java:122)&#13;
	at org.openqa.selenium.remote.http.W3CHttpResponseCodec.decode(W3CHttpResponseCodec.java:49)&#13;
	at org.openqa.selenium.remote.HttpCommandExecutor.execute(HttpCommandExecutor.java:158)&#13;
	at org.openqa.selenium.remote.service.DriverCommandExecutor.execute(DriverCommandExecutor.java:83)&#13;
	at org.openqa.selenium.remote.RemoteWebDriver.execute(RemoteWebDriver.java:548)&#13;
	at org.openqa.selenium.remote.RemoteWebElement.execute(RemoteWebElement.java:276)&#13;
	at org.openqa.selenium.remote.RemoteWebElement.click(RemoteWebElement.java:83)&#13;
	at java.base/jdk.internal.reflect.NativeMethodAccessorImpl.invoke0(Native Method)&#13;
	at java.base/jdk.internal.reflect.NativeMethodAccessorImpl.invoke(NativeMethodAccessorImpl.java:77)&#13;
	at java.base/jdk.internal.reflect.DelegatingMethodAccessorImpl.invoke(DelegatingMethodAccessorImpl.java:43)&#13;
	at java.base/java.lang.reflect.Method.invoke(Method.java:568)&#13;
	at org.openqa.selenium.support.pagefactory.internal.LocatingElementHandler.invoke(LocatingElementHandler.java:51)&#13;
	at jdk.proxy2/jdk.proxy2.$Proxy19.click(Unknown Source)&#13;
	at com.epam.bdd.Pages.LoginPage.verifyEmail(LoginPage.java:56)&#13;
	at com.epam.bdd.StepDef.AddToCart.user_logs_in_with_and(AddToCart.java:91)&#13;
	at âœ½.user logs in with "dhairyalala97@gmail.com" and "Mercer97@"(file:///C:/Users/Dhairya_Lala/Desktop/onboardingWorkspace/cucumber/src/test/resources/com/epam/bdd/feature/first_Feature.feature:12)&#13;
&#13;
</error>
      </testcase>
    </testsuite>
  </testsuite>
</testrun>
